**********************************************************************
** Visual Studio 2022 Developer Command Prompt v17.8.3
** Copyright (c) 2022 Microsoft Corporation
**********************************************************************
[vcvarsall.bat] Environment initialized for: 'x86_x64'
[0/1] Re-running CMake...
-- Using CATKIN_DEVEL_PREFIX: Z:/matlab_msg_gen_ros1/win64/devel
-- Using CMAKE_PREFIX_PATH: C:\Program Files\MATLAB\R2023b\sys\ros1\win64\ros1;C:/Program Files/MATLAB/R2023b/toolbox/ros/mlroscpp/custom_messages
-- This workspace overlays: C:/Program Files/MATLAB/R2023b/sys/ros1/win64/ros1;C:/Program Files/MATLAB/R2023b/toolbox/ros/mlroscpp/custom_messages
-- Using PYTHON_EXECUTABLE: C:/Users/Zhiguo/AppData/Roaming/MathWorks/MATLAB/R2023b/ros1/win64/venv/Scripts/python.exe
-- Using default Python package layout
-- Using empy: C:/Users/Zhiguo/AppData/Roaming/MATHWO~1/MATLAB/R2023b/ros1/win64/venv/lib/site-packages/em.py
-- Using CATKIN_ENABLE_TESTING: off
-- catkin 0.8.10
-- BUILD_SHARED_LIBS is on
The system cannot find the batch label specified - GenerateTempFilename
-- BUILD_SHARED_LIBS is on
-- ~~~~~~~~~~~~~~~~~~~~~~~~~~~~~~~~~~~~~~~~~~~~~~~~~
-- ~~  traversing 1 packages in topological order:
-- ~~  - cm
-- ~~~~~~~~~~~~~~~~~~~~~~~~~~~~~~~~~~~~~~~~~~~~~~~~~
-- +++ processing catkin package: 'cm'
-- ==> add_subdirectory(cm)
CMake Warning at C:/Program Files/MATLAB/R2023b/sys/ros1/win64/ros1/share/genmsg/cmake/genmsg-extras.cmake:49 (message):
  Unknown message generator specified in ROS_LANG_DISABLE: geneus
Call Stack (most recent call first):
  C:/Program Files/MATLAB/R2023b/sys/ros1/win64/ros1/share/genmsg/cmake/genmsgConfig.cmake:222 (include)
  C:/Program Files/MATLAB/R2023b/sys/ros1/win64/ros1/share/gencpp/cmake/gencppConfig.cmake:197 (find_package)
  C:/Program Files/MATLAB/R2023b/sys/ros1/win64/ros1/share/message_generation/cmake/message_generationConfig.cmake:197 (find_package)
  C:/Program Files/MATLAB/R2023b/sys/ros1/win64/ros1/share/catkin/cmake/catkinConfig.cmake:76 (find_package)
  cm/CMakeLists.txt:24 (find_package)


CMake Warning at C:/Program Files/MATLAB/R2023b/sys/ros1/win64/ros1/share/genmsg/cmake/genmsg-extras.cmake:49 (message):
  Unknown message generator specified in ROS_LANG_DISABLE: genlisp
Call Stack (most recent call first):
  C:/Program Files/MATLAB/R2023b/sys/ros1/win64/ros1/share/genmsg/cmake/genmsgConfig.cmake:222 (include)
  C:/Program Files/MATLAB/R2023b/sys/ros1/win64/ros1/share/gencpp/cmake/gencppConfig.cmake:197 (find_package)
  C:/Program Files/MATLAB/R2023b/sys/ros1/win64/ros1/share/message_generation/cmake/message_generationConfig.cmake:197 (find_package)
  C:/Program Files/MATLAB/R2023b/sys/ros1/win64/ros1/share/catkin/cmake/catkinConfig.cmake:76 (find_package)
  cm/CMakeLists.txt:24 (find_package)


CMake Warning at C:/Program Files/MATLAB/R2023b/sys/ros1/win64/ros1/share/genmsg/cmake/genmsg-extras.cmake:49 (message):
  Unknown message generator specified in ROS_LANG_DISABLE: gennodejs
Call Stack (most recent call first):
  C:/Program Files/MATLAB/R2023b/sys/ros1/win64/ros1/share/genmsg/cmake/genmsgConfig.cmake:222 (include)
  C:/Program Files/MATLAB/R2023b/sys/ros1/win64/ros1/share/gencpp/cmake/gencppConfig.cmake:197 (find_package)
  C:/Program Files/MATLAB/R2023b/sys/ros1/win64/ros1/share/message_generation/cmake/message_generationConfig.cmake:197 (find_package)
  C:/Program Files/MATLAB/R2023b/sys/ros1/win64/ros1/share/catkin/cmake/catkinConfig.cmake:76 (find_package)
  cm/CMakeLists.txt:24 (find_package)


-- Using these message generators: gencpp;genpy
-- cm: 1 messages, 0 services
-- Configuring done
-- Generating done
-- Build files have been written to: Z:/matlab_msg_gen_ros1/win64/build
ninja: no work to do.
[1/2] cmd.exe /C "cd /D Z:\matlab_msg_gen_ros1\win64\build\cm && Z:\matlab_msg_gen_ros1\win64\build\catkin_generated\env_cached.bat C:/Users/Zhiguo/AppData/Roaming/MathWorks/MATLAB/R2023b/ros1/win64/venv/Scripts/python.exe "C:/Program Files/MATLAB/R2023b/sys/ros1/win64/ros1/share/genmsg/cmake/../../../lib/genmsg/genmsg_check_deps.py" cm Z:/matlab_msg_gen_ros1/win64/src/cm/msg/msg_cm.msg std_msgs/Header"
[1/2] Install the project...
-- Install configuration: "Release"
-- Installing: Z:/matlab_msg_gen_ros1/win64/install/_setup_util.py
-- Up-to-date: Z:/matlab_msg_gen_ros1/win64/install/_setup_util.exe
-- Up-to-date: Z:/matlab_msg_gen_ros1/win64/install/env.bat
-- Up-to-date: Z:/matlab_msg_gen_ros1/win64/install/setup.bat
-- Up-to-date: Z:/matlab_msg_gen_ros1/win64/install/local_setup.bat
-- Up-to-date: Z:/matlab_msg_gen_ros1/win64/install/.rosinstall
-- Up-to-date: Z:/matlab_msg_gen_ros1/win64/install/share/cm/msg/msg_cm.msg
-- Up-to-date: Z:/matlab_msg_gen_ros1/win64/install/share/cm/cmake/cm-msg-paths.cmake
-- Up-to-date: Z:/matlab_msg_gen_ros1/win64/install/include/cm
-- Up-to-date: Z:/matlab_msg_gen_ros1/win64/install/include/cm/msg_cm.h
Listing 'Z:/matlab_msg_gen_ros1/win64/devel/lib/site-packages/cm'...
Listing 'Z:/matlab_msg_gen_ros1/win64/devel/lib/site-packages/cm\\msg'...
-- Up-to-date: Z:/matlab_msg_gen_ros1/win64/install/lib/site-packages/cm
-- Up-to-date: Z:/matlab_msg_gen_ros1/win64/install/lib/site-packages/cm/msg
-- Up-to-date: Z:/matlab_msg_gen_ros1/win64/install/lib/site-packages/cm/msg/_msg_cm.py
-- Up-to-date: Z:/matlab_msg_gen_ros1/win64/install/lib/site-packages/cm/msg/__init__.py
-- Up-to-date: Z:/matlab_msg_gen_ros1/win64/install/lib/site-packages/cm/msg/__pycache__
-- Up-to-date: Z:/matlab_msg_gen_ros1/win64/install/lib/site-packages/cm/msg/__pycache__/_msg_cm.cpython-38.pyc
-- Up-to-date: Z:/matlab_msg_gen_ros1/win64/install/lib/site-packages/cm/msg/__pycache__/__init__.cpython-38.pyc
-- Up-to-date: Z:/matlab_msg_gen_ros1/win64/install/lib/site-packages/cm/__init__.py
-- Up-to-date: Z:/matlab_msg_gen_ros1/win64/install/lib/site-packages/cm/__pycache__
-- Up-to-date: Z:/matlab_msg_gen_ros1/win64/install/lib/site-packages/cm/__pycache__/__init__.cpython-38.pyc
-- Installing: Z:/matlab_msg_gen_ros1/win64/install/lib/pkgconfig/cm.pc
-- Up-to-date: Z:/matlab_msg_gen_ros1/win64/install/share/cm/cmake/cm-msg-extras.cmake
-- Up-to-date: Z:/matlab_msg_gen_ros1/win64/install/share/cm/cmake/cmConfig.cmake
-- Up-to-date: Z:/matlab_msg_gen_ros1/win64/install/share/cm/cmake/cmConfig-version.cmake
-- Installing: Z:/matlab_msg_gen_ros1/win64/install/share/cm/package.xml
-- Up-to-date: Z:/matlab_msg_gen_ros1/win64/install/include
-- Up-to-date: Z:/matlab_msg_gen_ros1/win64/install/include/cm
-- Up-to-date: Z:/matlab_msg_gen_ros1/win64/install/include/cm/visibility_control.h
-- Up-to-date: Z:/matlab_msg_gen_ros1/win64/install/lib/cm_matlab.lib
-- Up-to-date: Z:/matlab_msg_gen_ros1/win64/install/bin/cm_matlab.dll
-- Up-to-date: Z:/matlab_msg_gen_ros1/win64/install/m/
-- Up-to-date: Z:/matlab_msg_gen_ros1/win64/install/m//+ros
-- Up-to-date: Z:/matlab_msg_gen_ros1/win64/install/m//+ros/+internal
-- Up-to-date: Z:/matlab_msg_gen_ros1/win64/install/m//+ros/+internal/+ros
-- Up-to-date: Z:/matlab_msg_gen_ros1/win64/install/m//+ros/+internal/+ros/+custommessages
-- Up-to-date: Z:/matlab_msg_gen_ros1/win64/install/m//+ros/+internal/+ros/+custommessages/+cm
-- Up-to-date: Z:/matlab_msg_gen_ros1/win64/install/m//+ros/+internal/+ros/+custommessages/+cm/msg_cm.m
-- Up-to-date: Z:/matlab_msg_gen_ros1/win64/install/m//+ros/+msggen
-- Up-to-date: Z:/matlab_msg_gen_ros1/win64/install/m//+ros/+msggen/+cm
-- Up-to-date: Z:/matlab_msg_gen_ros1/win64/install/m//+ros/+msggen/+cm/msg_cm.m
Base path: Z:\matlab_msg_gen_ros1\win64
Source space: Z:\matlab_msg_gen_ros1\win64\src
Build space: Z:\matlab_msg_gen_ros1\win64\build
Devel space: Z:\matlab_msg_gen_ros1\win64\devel
Install space: Z:\matlab_msg_gen_ros1\win64\install
####
#### Running command: "ninja build.ninja" in "Z:\matlab_msg_gen_ros1\win64\build"
####
####
#### Running command: "ninja install install -j12 -l12" in "Z:\matlab_msg_gen_ros1\win64\build"
####
