**********************************************************************
** Visual Studio 2022 Developer Command Prompt v17.9.6
** Copyright (c) 2022 Microsoft Corporation
**********************************************************************
[vcvarsall.bat] Environment initialized for: 'x86_x64'
CMake Deprecation Warning at CMakeLists.txt:4 (cmake_minimum_required):
  Compatibility with CMake < 3.5 will be removed from a future version of
  CMake.

  Update the VERSION argument <min> value or use a ...<max> suffix to tell
  CMake that the project does not need compatibility with older versions.


CMake Error at CMakeLists.txt:6 (project):
  Running

   'C:/PROGRA~1/MATLAB/R2023b/toolbox/shared/coder/ninja/win64/ninja.exe' '--version'

  failed with:

   no such file or directory


-- Configuring incomplete, errors occurred!
Base path: Z:\matlab_msg_gen_ros1\win64
Source space: Z:\matlab_msg_gen_ros1\win64\src
Build space: Z:\matlab_msg_gen_ros1\win64\build
Devel space: Z:\matlab_msg_gen_ros1\win64\devel
Install space: Z:\matlab_msg_gen_ros1\win64\install
####
#### Running command: "cmake Z:\matlab_msg_gen_ros1\win64\src -DALIAS_ROS1_CLASS_LOADER=1 -DBoost_NAMESPACE=mwboost -DCATKIN_ENABLE_TESTING=off -DCMAKE_PREFIX_PATH=F:\Program Files\MATLAB\R2024a\sys\ros1\win64\ros1;F:/Program Files/MATLAB/R2024a/toolbox/ros/mlroscpp/custom_messages -DCMAKE_BUILD_TYPE=Release -DCMAKE_CXX_FLAGS_RELEASE=/MD /Od /Ob2 /DNDEBUG -DCATKIN_DEVEL_PREFIX=Z:\matlab_msg_gen_ros1\win64\devel -DCMAKE_INSTALL_PREFIX=Z:\matlab_msg_gen_ros1\win64\install -G Ninja" in "Z:\matlab_msg_gen_ros1\win64\build"
####
Invoking "cmake" failed
